{"client_id":"fN1c0FLYw","level":"info","message":"undefined","timestamp":"2018-09-18T09:17:42.350Z"}
{"client_id":"zG0sQOGfA","level":"info","message":"undefined","timestamp":"2018-09-19T11:18:26.234Z"}
{"client_id":"WlbC8vODD","level":"info","message":"undefined","timestamp":"2018-09-19T11:28:32.449Z"}
{"client_id":"Q8XVdNe5y","level":"info","message":"undefined","timestamp":"2018-09-19T12:47:08.781Z"}
{"client_id":"bICR79FRb","level":"info","message":"undefined","timestamp":"2018-09-19T12:48:37.893Z"}
{"client_id":"bICR79FRb","level":"info","message":"undefined","timestamp":"2018-09-19T12:49:01.399Z"}
{"client_id":"BTpg_ofQ7","level":"info","message":"undefined","timestamp":"2018-09-19T12:58:55.023Z"}
{"client_id":"4vNMBvTfg","level":"info","message":"undefined","timestamp":"2018-09-19T13:22:35.489Z"}
{"client_id":"n7QMJ1hKS","level":"info","message":"undefined","timestamp":"2018-09-19T13:24:42.884Z"}
{"client_id":"_PcQsRBKz","level":"info","message":"undefined","timestamp":"2018-09-19T13:27:44.861Z"}
{"client_id":"2ZMCDxc_U","level":"info","message":"undefined","timestamp":"2018-09-19T13:33:03.585Z"}
{"client_id":"6p9s4gJJQ","level":"info","message":"undefined","timestamp":"2018-09-19T13:35:23.906Z"}
{"client_id":"C7P-z6aqO","level":"info","message":"undefined","timestamp":"2018-09-19T13:37:46.424Z"}
{"client_id":"C7P-z6aqO","level":"info","message":"undefined","timestamp":"2018-09-19T13:38:01.951Z"}
{"client_id":"vmREYS04L","level":"info","message":"undefined","timestamp":"2018-09-19T13:39:16.607Z"}
{"client_id":"gy34r_idt","level":"info","message":"undefined","timestamp":"2018-09-19T13:53:45.806Z"}
{"client_id":"_CjYqgvfF","level":"info","message":"undefined","timestamp":"2018-09-19T13:56:39.115Z"}
{"client_id":"fO9sDtofb","level":"info","message":"undefined","timestamp":"2018-09-19T13:59:42.858Z"}
{"client_id":"vMbvXGUGc","level":"info","message":"undefined","timestamp":"2018-09-19T14:01:19.996Z"}
{"client_id":"jrw7_s1Jf","level":"info","message":"undefined","timestamp":"2018-09-19T14:06:14.565Z"}
{"client_id":"GKTww-7q-","level":"info","message":"undefined","timestamp":"2018-09-19T14:07:46.989Z"}
{"client_id":"KBBirbqp0","level":"info","message":"undefined","timestamp":"2018-09-19T14:08:54.684Z"}
{"client_id":"O2YU7nJQq","level":"info","message":"undefined","timestamp":"2018-09-19T14:15:17.276Z"}
{"client_id":"hMk2H51ej","level":"info","message":"undefined","timestamp":"2018-09-19T14:18:17.533Z"}
{"client_id":"Uw_JOvYtB","level":"info","message":"undefined","timestamp":"2018-09-19T14:23:10.385Z"}
{"client_id":"KJlJJAsIs","level":"info","message":"undefined","timestamp":"2018-09-19T14:28:34.419Z"}
{"client_id":"KJlJJAsIs","level":"info","message":"undefined","timestamp":"2018-09-19T14:28:57.598Z"}
{"client_id":"MkvgBQRfn","level":"info","message":"undefined","timestamp":"2018-09-19T14:28:57.603Z"}
{"client_id":"akVQoQ97r","level":"info","message":"undefined","timestamp":"2018-09-19T14:29:31.156Z"}
{"client_id":"3jMlLoTzM","level":"info","message":"undefined","timestamp":"2018-09-19T14:29:31.229Z"}
{"client_id":"IfMmKM3J6y","level":"info","message":"undefined","timestamp":"2018-09-19T14:30:14.657Z"}
{"client_id":"wZ3bz_JDM","level":"info","message":"undefined","timestamp":"2018-09-19T14:30:14.728Z"}
{"client_id":"SMdjVz50l","level":"info","message":"undefined","timestamp":"2018-09-19T14:30:46.246Z"}
{"client_id":"cTGBZ-eGq","level":"info","message":"undefined","timestamp":"2018-09-19T14:30:46.257Z"}
{"client_id":"SMdjVz50l","level":"info","message":"undefined","timestamp":"2018-09-19T14:31:25.501Z"}
{"client_id":"cTGBZ-eGq","level":"info","message":"undefined","timestamp":"2018-09-19T14:31:25.505Z"}
{"client_id":"ic0H9VcDa","level":"info","message":"undefined","timestamp":"2018-09-19T14:31:25.507Z"}
{"client_id":"ic0H9VcDa","level":"info","message":"undefined","timestamp":"2018-09-19T14:31:35.405Z"}
{"client_id":"SMdjVz50l","level":"info","message":"undefined","timestamp":"2018-09-19T14:31:35.423Z"}
{"client_id":"vyT8qhiHK","level":"info","message":"undefined","timestamp":"2018-09-19T14:31:35.436Z"}
{"client_id":"cTGBZ-eGq","level":"info","message":"undefined","timestamp":"2018-09-19T14:31:36.518Z"}
